<?xml version="1.0" encoding="UTF-8"?>
<!-- Generated by org.testng.reporters.JUnitXMLReporter -->
<testsuite hostname="AkashBhalerao-1999" failures="0" tests="5" name="Test" time="0.098" errors="0" timestamp="31 Aug 2022 04:33:52 GMT">
  <testcase classname="com.TestNg.AssertJava" name="@BeforeSuite Login" time="0.0">
    <failure type="org.openqa.selenium.SessionNotCreatedException" message="session not created: This version of ChromeDriver only supports Chrome version 100
Current browser version is 104.0.5112.102 with binary path C:\Program Files\Google\Chrome\Application\chrome.exe
  (Driver info: chromedriver=100.0.4896.60 (6a5d10861ce8de5fce22564658033b43cb7de047-refs/branch-heads/4896@{#875}),platform=Windows NT 10.0.19044 x86_64) (WARNING: The server did not provide any stacktrace information)
Command duration or timeout: 20.25 seconds
Build info: version: &amp;apos;2.52.0&amp;apos;, revision: &amp;apos;4c2593c&amp;apos;, time: &amp;apos;2016-02-11 19:06:42&amp;apos;
System info: host: &amp;apos;AkashBhalerao-1999&amp;apos;, ip: &amp;apos;192.168.43.134&amp;apos;, os.name: &amp;apos;Windows 10&amp;apos;, os.arch: &amp;apos;amd64&amp;apos;, os.version: &amp;apos;10.0&amp;apos;, java.version: &amp;apos;11.0.13&amp;apos;
Driver info: org.openqa.selenium.chrome.ChromeDriver">
      <![CDATA[org.openqa.selenium.SessionNotCreatedException: session not created: This version of ChromeDriver only supports Chrome version 100
Current browser version is 104.0.5112.102 with binary path C:\Program Files\Google\Chrome\Application\chrome.exe
  (Driver info: chromedriver=100.0.4896.60 (6a5d10861ce8de5fce22564658033b43cb7de047-refs/branch-heads/4896@{#875}),platform=Windows NT 10.0.19044 x86_64) (WARNING: The server did not provide any stacktrace information)
Command duration or timeout: 20.25 seconds
Build info: version: '2.52.0', revision: '4c2593c', time: '2016-02-11 19:06:42'
System info: host: 'AkashBhalerao-1999', ip: '192.168.43.134', os.name: 'Windows 10', os.arch: 'amd64', os.version: '10.0', java.version: '11.0.13'
Driver info: org.openqa.selenium.chrome.ChromeDriver
	at org.openqa.selenium.remote.ErrorHandler.createThrowable(ErrorHandler.java:206)
	at org.openqa.selenium.remote.ErrorHandler.throwIfResponseFailed(ErrorHandler.java:158)
	at org.openqa.selenium.remote.RemoteWebDriver.execute(RemoteWebDriver.java:678)
	at org.openqa.selenium.remote.RemoteWebDriver.startSession(RemoteWebDriver.java:249)
	at org.openqa.selenium.remote.RemoteWebDriver.<init>(RemoteWebDriver.java:131)
	at org.openqa.selenium.remote.RemoteWebDriver.<init>(RemoteWebDriver.java:144)
	at org.openqa.selenium.chrome.ChromeDriver.<init>(ChromeDriver.java:170)
	at org.openqa.selenium.chrome.ChromeDriver.<init>(ChromeDriver.java:159)
	at org.openqa.selenium.chrome.ChromeDriver.<init>(ChromeDriver.java:116)
	at com.TestNg.AssertJava.Login(AssertJava.java:24)
... Removed 22 stack frames]]>
    </failure>
  </testcase> <!-- @BeforeSuite Login -->
  <testcase classname="com.TestNg.AssertJava" name="@BeforeSuite BeforeSuite" time="0.0">
    <skipped/>
  </testcase> <!-- @BeforeSuite BeforeSuite -->
  <testcase classname="com.TestNg.AssertJava" name="@BeforeSuite Login" time="0.0">
    <skipped/>
  </testcase> <!-- @BeforeSuite Login -->
  <testcase classname="com.TestNg.AssertJava" name="@BeforeTest LunchSite" time="0.0">
    <skipped/>
  </testcase> <!-- @BeforeTest LunchSite -->
  <testcase classname="com.TestNg.AssertJava" name="@BeforeTest beforeTest" time="0.0">
    <skipped/>
  </testcase> <!-- @BeforeTest beforeTest -->
  <testcase classname="com.TestNg.AssertJava" name="@BeforeTest LunchSite" time="0.0">
    <skipped/>
  </testcase> <!-- @BeforeTest LunchSite -->
  <testcase classname="com.TestNg.aaa" name="@AfterMethod DoVerify" time="0.0">
    <skipped/>
  </testcase> <!-- @AfterMethod DoVerify -->
  <testcase classname="com.TestNg.AssertJava" name="@AfterMethod DoVerify" time="0.0">
    <skipped/>
  </testcase> <!-- @AfterMethod DoVerify -->
  <testcase classname="com.TestNg.NewTest" name="@BeforeClass BeforeClass" time="0.0">
    <skipped/>
  </testcase> <!-- @BeforeClass BeforeClass -->
  <testcase classname="com.TestNg.NewTest" name="@BeforeMethod BeforeMethod" time="0.0">
    <skipped/>
  </testcase> <!-- @BeforeMethod BeforeMethod -->
  <testcase classname="com.TestNg.NewTest" name="@AfterMethod AfterMethod" time="0.0">
    <skipped/>
  </testcase> <!-- @AfterMethod AfterMethod -->
  <testcase classname="com.TestNg.NewTest" name="@AfterClass AfterClass" time="0.0">
    <skipped/>
  </testcase> <!-- @AfterClass AfterClass -->
  <testcase classname="com.TestNg.AssertJava" name="@AfterTest Dologout" time="0.0">
    <skipped/>
  </testcase> <!-- @AfterTest Dologout -->
  <testcase classname="com.TestNg.AssertJava" name="@AfterTest AfterTest" time="0.0">
    <skipped/>
  </testcase> <!-- @AfterTest AfterTest -->
  <testcase classname="com.TestNg.AssertJava" name="@AfterTest Dologout" time="0.0">
    <skipped/>
  </testcase> <!-- @AfterTest Dologout -->
  <testcase classname="com.TestNg.aaa" name="doLogin" time="0.002">
    <skipped/>
  </testcase> <!-- doLogin -->
  <testcase classname="com.Assert.AssertionTestNg" name="Soft" time="0.003">
    <skipped/>
  </testcase> <!-- Soft -->
  <testcase classname="com.Assert.AssertionTestNg" name="hard" time="0.003">
    <skipped/>
  </testcase> <!-- hard -->
  <testcase classname="com.TestNg.AssertJava" name="doLogin" time="0.001">
    <skipped/>
  </testcase> <!-- doLogin -->
  <testcase classname="com.TestNg.NewTest" name="Test" time="0.002">
    <skipped/>
  </testcase> <!-- Test -->
</testsuite> <!-- Test -->
