<html>
<head>
<title>TestNG:  Test</title>
<link href="../testng.css" rel="stylesheet" type="text/css" />
<link href="../my-testng.css" rel="stylesheet" type="text/css" />

<style type="text/css">
.log { display: none;} 
.stack-trace { display: none;} 
</style>
<script type="text/javascript">
<!--
function flip(e) {
  current = e.style.display;
  if (current == 'block') {
    e.style.display = 'none';
    return 0;
  }
  else {
    e.style.display = 'block';
    return 1;
  }
}

function toggleBox(szDivId, elem, msg1, msg2)
{
  var res = -1;  if (document.getElementById) {
    res = flip(document.getElementById(szDivId));
  }
  else if (document.all) {
    // this is the way old msie versions work
    res = flip(document.all[szDivId]);
  }
  if(elem) {
    if(res == 0) elem.innerHTML = msg1; else elem.innerHTML = msg2;
  }

}

function toggleAllBoxes() {
  if (document.getElementsByTagName) {
    d = document.getElementsByTagName('div');
    for (i = 0; i < d.length; i++) {
      if (d[i].className == 'log') {
        flip(d[i]);
      }
    }
  }
}

// -->
</script>

</head>
<body>
<h2 align='center'>Test</h2><table border='1' align="center">
<tr>
<td>Tests passed/Failed/Skipped:</td><td>0/0/5</td>
</tr><tr>
<td>Started on:</td><td>Wed Aug 31 10:03:52 IST 2022</td>
</tr>
<tr><td>Total time:</td><td>0 seconds (98 ms)</td>
</tr><tr>
<td>Included groups:</td><td></td>
</tr><tr>
<td>Excluded groups:</td><td></td>
</tr>
</table><p/>
<small><i>(Hover the method name to see the test class name)</i></small><p/>
<table width='100%' border='1' class='invocation-failed'>
<tr><td colspan='4' align='center'><b>FAILED CONFIGURATIONS</b></td></tr>
<tr><td><b>Test method</b></td>
<td width="30%"><b>Exception</b></td>
<td width="10%"><b>Time (seconds)</b></td>
<td><b>Instance</b></td>
</tr>
<tr>
<td title='com.TestNg.AssertJava.Login()'><b>Login</b><br>Test class: com.TestNg.AssertJava</td>
<td><div><pre>org.openqa.selenium.SessionNotCreatedException: session not created: This version of ChromeDriver only supports Chrome version 100
Current browser version is 104.0.5112.102 with binary path C:\Program Files\Google\Chrome\Application\chrome.exe
  (Driver info: chromedriver=100.0.4896.60 (6a5d10861ce8de5fce22564658033b43cb7de047-refs/branch-heads/4896@{#875}),platform=Windows NT 10.0.19044 x86_64) (WARNING: The server did not provide any stacktrace information)
Command duration or timeout: 20.25 seconds
Build info: version: &apos;2.52.0&apos;, revision: &apos;4c2593c&apos;, time: &apos;2016-02-11 19:06:42&apos;
System info: host: &apos;AkashBhalerao-1999&apos;, ip: &apos;192.168.43.134&apos;, os.name: &apos;Windows 10&apos;, os.arch: &apos;amd64&apos;, os.version: &apos;10.0&apos;, java.version: &apos;11.0.13&apos;
Driver info: org.openqa.selenium.chrome.ChromeDriver
	at org.openqa.selenium.remote.ErrorHandler.createThrowable(ErrorHandler.java:206)
	at org.openqa.selenium.remote.ErrorHandler.throwIfResponseFailed(ErrorHandler.java:158)
	at org.openqa.selenium.remote.RemoteWebDriver.execute(RemoteWebDriver.java:678)
	at org.openqa.selenium.remote.RemoteWebDriver.startSession(RemoteWebDriver.java:249)
	at org.openqa.selenium.remote.RemoteWebDriver.&lt;init&gt;(RemoteWebDriver.java:131)
	at org.openqa.selenium.remote.RemoteWebDriver.&lt;init&gt;(RemoteWebDriver.java:144)
	at org.openqa.selenium.chrome.ChromeDriver.&lt;init&gt;(ChromeDriver.java:170)
	at org.openqa.selenium.chrome.ChromeDriver.&lt;init&gt;(ChromeDriver.java:159)
	at org.openqa.selenium.chrome.ChromeDriver.&lt;init&gt;(ChromeDriver.java:116)
	at com.TestNg.AssertJava.Login(AssertJava.java:24)
... Removed 22 stack frames</pre></div><a href='#' onClick='toggleBox("stack-trace1460696714", this, "Click to show all stack frames", "Click to hide stack frames")'>Click to show all stack frames</a>
<div class='stack-trace' id='stack-trace1460696714'><pre>org.openqa.selenium.SessionNotCreatedException: session not created: This version of ChromeDriver only supports Chrome version 100
Current browser version is 104.0.5112.102 with binary path C:\Program Files\Google\Chrome\Application\chrome.exe
  (Driver info: chromedriver=100.0.4896.60 (6a5d10861ce8de5fce22564658033b43cb7de047-refs/branch-heads/4896@{#875}),platform=Windows NT 10.0.19044 x86_64) (WARNING: The server did not provide any stacktrace information)
Command duration or timeout: 20.25 seconds
Build info: version: &apos;2.52.0&apos;, revision: &apos;4c2593c&apos;, time: &apos;2016-02-11 19:06:42&apos;
System info: host: &apos;AkashBhalerao-1999&apos;, ip: &apos;192.168.43.134&apos;, os.name: &apos;Windows 10&apos;, os.arch: &apos;amd64&apos;, os.version: &apos;10.0&apos;, java.version: &apos;11.0.13&apos;
Driver info: org.openqa.selenium.chrome.ChromeDriver
	at java.base/jdk.internal.reflect.NativeConstructorAccessorImpl.newInstance0(Native Method)
	at java.base/jdk.internal.reflect.NativeConstructorAccessorImpl.newInstance(NativeConstructorAccessorImpl.java:62)
	at java.base/jdk.internal.reflect.DelegatingConstructorAccessorImpl.newInstance(DelegatingConstructorAccessorImpl.java:45)
	at java.base/java.lang.reflect.Constructor.newInstance(Constructor.java:490)
	at org.openqa.selenium.remote.ErrorHandler.createThrowable(ErrorHandler.java:206)
	at org.openqa.selenium.remote.ErrorHandler.throwIfResponseFailed(ErrorHandler.java:158)
	at org.openqa.selenium.remote.RemoteWebDriver.execute(RemoteWebDriver.java:678)
	at org.openqa.selenium.remote.RemoteWebDriver.startSession(RemoteWebDriver.java:249)
	at org.openqa.selenium.remote.RemoteWebDriver.&lt;init&gt;(RemoteWebDriver.java:131)
	at org.openqa.selenium.remote.RemoteWebDriver.&lt;init&gt;(RemoteWebDriver.java:144)
	at org.openqa.selenium.chrome.ChromeDriver.&lt;init&gt;(ChromeDriver.java:170)
	at org.openqa.selenium.chrome.ChromeDriver.&lt;init&gt;(ChromeDriver.java:159)
	at org.openqa.selenium.chrome.ChromeDriver.&lt;init&gt;(ChromeDriver.java:116)
	at com.TestNg.AssertJava.Login(AssertJava.java:24)
	at java.base/jdk.internal.reflect.NativeMethodAccessorImpl.invoke0(Native Method)
	at java.base/jdk.internal.reflect.NativeMethodAccessorImpl.invoke(NativeMethodAccessorImpl.java:62)
	at java.base/jdk.internal.reflect.DelegatingMethodAccessorImpl.invoke(DelegatingMethodAccessorImpl.java:43)
	at java.base/java.lang.reflect.Method.invoke(Method.java:566)
	at org.testng.internal.MethodInvocationHelper.invokeMethod(MethodInvocationHelper.java:85)
	at org.testng.internal.Invoker.invokeConfigurationMethod(Invoker.java:510)
	at org.testng.internal.Invoker.invokeConfigurations(Invoker.java:211)
	at org.testng.internal.Invoker.invokeConfigurations(Invoker.java:138)
	at org.testng.SuiteRunner.privateRun(SuiteRunner.java:298)
	at org.testng.SuiteRunner.run(SuiteRunner.java:261)
	at org.testng.SuiteRunnerWorker.runSuite(SuiteRunnerWorker.java:52)
	at org.testng.SuiteRunnerWorker.run(SuiteRunnerWorker.java:86)
	at org.testng.TestNG.runSuitesSequentially(TestNG.java:1215)
	at org.testng.TestNG.runSuitesLocally(TestNG.java:1140)
	at org.testng.TestNG.run(TestNG.java:1048)
	at org.testng.remote.AbstractRemoteTestNG.run(AbstractRemoteTestNG.java:115)
	at org.testng.remote.RemoteTestNG.initAndRun(RemoteTestNG.java:251)
	at org.testng.remote.RemoteTestNG.main(RemoteTestNG.java:77)
</pre></div></td>
<td>0</td>
<td>null</td></tr>
</table><p>
<table width='100%' border='1' class='invocation-skipped'>
<tr><td colspan='4' align='center'><b>SKIPPED CONFIGURATIONS</b></td></tr>
<tr><td><b>Test method</b></td>
<td width="30%"><b>Exception</b></td>
<td width="10%"><b>Time (seconds)</b></td>
<td><b>Instance</b></td>
</tr>
<tr>
<td title='com.TestNg.AssertJava.BeforeSuite()'><b>BeforeSuite</b><br>Test class: com.TestNg.AssertJava</td>
<td></td>
<td>0</td>
<td>null</td></tr>
<tr>
<td title='com.TestNg.AssertJava.Login()'><b>Login</b><br>Test class: com.TestNg.AssertJava</td>
<td></td>
<td>0</td>
<td>null</td></tr>
<tr>
<td title='com.TestNg.AssertJava.LunchSite()'><b>LunchSite</b><br>Test class: com.TestNg.AssertJava</td>
<td></td>
<td>0</td>
<td>null</td></tr>
<tr>
<td title='com.TestNg.AssertJava.beforeTest()'><b>beforeTest</b><br>Test class: com.TestNg.AssertJava</td>
<td></td>
<td>0</td>
<td>null</td></tr>
<tr>
<td title='com.TestNg.AssertJava.LunchSite()'><b>LunchSite</b><br>Test class: com.TestNg.AssertJava</td>
<td></td>
<td>0</td>
<td>null</td></tr>
<tr>
<td title='com.TestNg.NewTest.BeforeClass()'><b>BeforeClass</b><br>Test class: com.TestNg.NewTest</td>
<td></td>
<td>0</td>
<td>com.TestNg.NewTest@30c8681</td></tr>
<tr>
<td title='com.TestNg.NewTest.BeforeMethod()'><b>BeforeMethod</b><br>Test class: com.TestNg.NewTest</td>
<td></td>
<td>0</td>
<td>com.TestNg.NewTest@30c8681</td></tr>
<tr>
<td title='com.TestNg.aaa.DoVerify()'><b>DoVerify</b><br>Test class: com.TestNg.aaa</td>
<td></td>
<td>0</td>
<td>com.TestNg.aaa@6cdba6dc</td></tr>
<tr>
<td title='com.TestNg.AssertJava.DoVerify()'><b>DoVerify</b><br>Test class: com.TestNg.AssertJava</td>
<td></td>
<td>0</td>
<td>com.TestNg.AssertJava@7d3d101b</td></tr>
<tr>
<td title='com.TestNg.NewTest.AfterMethod()'><b>AfterMethod</b><br>Test class: com.TestNg.NewTest</td>
<td></td>
<td>0</td>
<td>com.TestNg.NewTest@30c8681</td></tr>
<tr>
<td title='com.TestNg.NewTest.AfterClass()'><b>AfterClass</b><br>Test class: com.TestNg.NewTest</td>
<td></td>
<td>0</td>
<td>com.TestNg.NewTest@30c8681</td></tr>
<tr>
<td title='com.TestNg.AssertJava.Dologout()'><b>Dologout</b><br>Test class: com.TestNg.AssertJava</td>
<td></td>
<td>0</td>
<td>null</td></tr>
<tr>
<td title='com.TestNg.AssertJava.AfterTest()'><b>AfterTest</b><br>Test class: com.TestNg.AssertJava</td>
<td></td>
<td>0</td>
<td>null</td></tr>
<tr>
<td title='com.TestNg.AssertJava.Dologout()'><b>Dologout</b><br>Test class: com.TestNg.AssertJava</td>
<td></td>
<td>0</td>
<td>null</td></tr>
</table><p>
<table width='100%' border='1' class='invocation-skipped'>
<tr><td colspan='4' align='center'><b>SKIPPED TESTS</b></td></tr>
<tr><td><b>Test method</b></td>
<td width="30%"><b>Exception</b></td>
<td width="10%"><b>Time (seconds)</b></td>
<td><b>Instance</b></td>
</tr>
<tr>
<td title='com.Assert.AssertionTestNg.Soft()'><b>Soft</b><br>Test class: com.Assert.AssertionTestNg</td>
<td></td>
<td>0</td>
<td>com.Assert.AssertionTestNg@5cdec700</td></tr>
<tr>
<td title='com.TestNg.NewTest.Test()'><b>Test</b><br>Test class: com.TestNg.NewTest</td>
<td></td>
<td>0</td>
<td>com.TestNg.NewTest@30c8681</td></tr>
<tr>
<td title='com.TestNg.aaa.doLogin()'><b>doLogin</b><br>Test class: com.TestNg.aaa</td>
<td></td>
<td>0</td>
<td>com.TestNg.aaa@6cdba6dc</td></tr>
<tr>
<td title='com.TestNg.AssertJava.doLogin()'><b>doLogin</b><br>Test class: com.TestNg.AssertJava</td>
<td></td>
<td>0</td>
<td>com.TestNg.AssertJava@7d3d101b</td></tr>
<tr>
<td title='com.Assert.AssertionTestNg.hard()'><b>hard</b><br>Test class: com.Assert.AssertionTestNg</td>
<td></td>
<td>0</td>
<td>com.Assert.AssertionTestNg@5cdec700</td></tr>
</table><p>
</body>
</html>